  pch.cpp
  dllmain.cpp
C:\Users\Mocha\source\repos\NEW_NoCRT_Dll\NoCRT_Dll\MyPacket.h(17,2): warning C4091: “typedef ”: 没有声明变量时忽略“MyRecvPacketHead”的左侧
C:\Users\Mocha\source\repos\NEW_NoCRT_Dll\NoCRT_Dll\MyPacket.h(24,2): warning C4091: “typedef ”: 没有声明变量时忽略“MySendPacketHead”的左侧
C:\Users\Mocha\source\repos\NEW_NoCRT_Dll\NoCRT_Dll\dllmain.cpp(74,20): warning C4267: “参数”: 从“size_t”转换到“DWORD”，可能丢失数据
C:\Users\Mocha\source\repos\NEW_NoCRT_Dll\NoCRT_Dll\dllmain.cpp(95,24): warning C4267: “参数”: 从“size_t”转换到“DWORD”，可能丢失数据
C:\Users\Mocha\source\repos\NEW_NoCRT_Dll\NoCRT_Dll\dllmain.cpp(121,35): warning C4554: “&”: 检查运算符优先级是否存在的可能的错误；使用括号阐明优先级
  MyPacket.cpp
C:\Users\Mocha\source\repos\NEW_NoCRT_Dll\NoCRT_Dll\MyPacket.h(17,2): warning C4091: “typedef ”: 没有声明变量时忽略“MyRecvPacketHead”的左侧
C:\Users\Mocha\source\repos\NEW_NoCRT_Dll\NoCRT_Dll\MyPacket.h(24,2): warning C4091: “typedef ”: 没有声明变量时忽略“MySendPacketHead”的左侧
C:\Users\Mocha\source\repos\NEW_NoCRT_Dll\NoCRT_Dll\MyPacket.cpp(77,29): warning C4996: 'inet_addr': Use inet_pton() or InetPton() instead or define _WINSOCK_DEPRECATED_NO_WARNINGS to disable deprecated API warnings
C:\Users\Mocha\source\repos\NEW_NoCRT_Dll\NoCRT_Dll\MyPacket.cpp(174,48): warning C4267: “=”: 从“size_t”转换到“INT32”，可能丢失数据
C:\Users\Mocha\source\repos\NEW_NoCRT_Dll\NoCRT_Dll\MyPacket.cpp(177,17): warning C4267: “+=”: 从“size_t”转换到“UINT32”，可能丢失数据
  RWF.CPP
C:\Users\Mocha\source\repos\NEW_NoCRT_Dll\NoCRT_Dll\RWF.CPP(79,34): warning C4244: “=”: 从“SIZE_T”转换到“DWORD”，可能丢失数据
C:\Users\Mocha\source\repos\NEW_NoCRT_Dll\NoCRT_Dll\RWF.CPP(93,35): warning C4244: “=”: 从“SIZE_T”转换到“DWORD”，可能丢失数据
C:\Users\Mocha\source\repos\NEW_NoCRT_Dll\NoCRT_Dll\RWF.CPP(107,35): warning C4244: “=”: 从“SIZE_T”转换到“DWORD”，可能丢失数据
  Utility.cpp
  正在生成代码
  5 of 27 functions (18.5%) were compiled, the rest were copied from previous compilation.
    0 functions were new in current compilation
    0 functions had inline decision re-evaluated but remain unchanged
  已完成代码的生成
  NoCRT_Dll.vcxproj -> C:\Users\Mocha\source\repos\NEW_NoCRT_Dll\NoCRT_Dll\DLL_Loader\NoCRT_Dll.dll
