c:\users\mocha\source\repos\new_nocrt_dll\nocrt_dll\temp\nocrt_dll.pch
c:\users\mocha\source\repos\new_nocrt_dll\nocrt_dll\temp\vc142.pdb
c:\users\mocha\source\repos\new_nocrt_dll\nocrt_dll\temp\vc142.idb
c:\users\mocha\source\repos\new_nocrt_dll\nocrt_dll\temp\pch.obj
c:\users\mocha\source\repos\new_nocrt_dll\nocrt_dll\temp\mypacket.obj
c:\users\mocha\source\repos\new_nocrt_dll\nocrt_dll\temp\dllmain.obj
c:\users\mocha\source\repos\new_nocrt_dll\nocrt_dll\dll_loader\nocrt_dll.dll
c:\users\mocha\source\repos\new_nocrt_dll\nocrt_dll\temp\nocrt_dll.ilk
c:\users\mocha\source\repos\new_nocrt_dll\nocrt_dll\dll_loader\nocrt_dll.pdb
c:\users\mocha\source\repos\new_nocrt_dll\nocrt_dll\temp\dllmain.obj.enc
c:\users\mocha\source\repos\new_nocrt_dll\nocrt_dll\temp\mypacket.obj.enc
c:\users\mocha\source\repos\new_nocrt_dll\nocrt_dll\temp\nocrt_dll.ipdb
c:\users\mocha\source\repos\new_nocrt_dll\nocrt_dll\temp\nocrt_dll.iobj
c:\users\mocha\source\repos\new_nocrt_dll\nocrt_dll\\dll_loader\nocrt_dll.pdb
c:\users\mocha\source\repos\new_nocrt_dll\nocrt_dll\temp\nocrt_dll.tlog\cl.command.1.tlog
c:\users\mocha\source\repos\new_nocrt_dll\nocrt_dll\temp\nocrt_dll.tlog\cl.read.1.tlog
c:\users\mocha\source\repos\new_nocrt_dll\nocrt_dll\temp\nocrt_dll.tlog\cl.write.1.tlog
c:\users\mocha\source\repos\new_nocrt_dll\nocrt_dll\temp\nocrt_dll.tlog\link.command.1.tlog
c:\users\mocha\source\repos\new_nocrt_dll\nocrt_dll\temp\nocrt_dll.tlog\link.read.1.tlog
c:\users\mocha\source\repos\new_nocrt_dll\nocrt_dll\temp\nocrt_dll.tlog\link.write.1.tlog
